::1 - - [24/Mar/2019:00:43:41 +0700] "GET / HTTP/1.1" 200 9897
::1 - - [24/Mar/2019:00:43:42 +0700] "GET /assets/css/custom.css HTTP/1.1" 200 16215
::1 - - [24/Mar/2019:00:43:42 +0700] "GET /assets/css/font-awesome.min.css HTTP/1.1" 200 31004
::1 - - [24/Mar/2019:00:43:42 +0700] "GET /assets/css/bootstrap.min.css HTTP/1.1" 200 138009
::1 - - [24/Mar/2019:00:43:42 +0700] "GET /assets/js/jquery-3.3.1.min.js HTTP/1.1" 200 86929
::1 - - [24/Mar/2019:00:43:42 +0700] "GET /assets/images/smkbaabulkamil.png HTTP/1.1" 200 134430
::1 - - [24/Mar/2019:00:43:42 +0700] "GET /assets/images/unpad.png HTTP/1.1" 200 502440
::1 - - [24/Mar/2019:00:43:42 +0700] "GET /assets/images/c.jpeg HTTP/1.1" 200 347674
::1 - - [24/Mar/2019:00:43:42 +0700] "GET /assets/images/a.jpeg HTTP/1.1" 200 375902
::1 - - [24/Mar/2019:00:43:42 +0700] "GET /assets/images/b.jpeg HTTP/1.1" 200 122708
::1 - - [24/Mar/2019:00:43:42 +0700] "GET /assets/js/bootstrap.min.js HTTP/1.1" 200 50737
::1 - - [24/Mar/2019:00:43:43 +0700] "GET /assets/images/1.jpeg HTTP/1.1" 200 257815
::1 - - [24/Mar/2019:00:43:43 +0700] "GET /assets/images/3.jpeg HTTP/1.1" 200 254149
::1 - - [24/Mar/2019:00:43:43 +0700] "GET /assets/images/5.jpeg HTTP/1.1" 200 224429
::1 - - [24/Mar/2019:00:43:43 +0700] "GET /assets/images/4.jpeg HTTP/1.1" 200 249598
::1 - - [24/Mar/2019:00:43:43 +0700] "GET /assets/images/6.jpeg HTTP/1.1" 200 247947
::1 - - [24/Mar/2019:00:43:43 +0700] "GET /assets/images/2.jpeg HTTP/1.1" 200 272928
::1 - - [24/Mar/2019:00:43:43 +0700] "GET /assets/fonts/fontawesome-webfont.woff2?v=4.7.0 HTTP/1.1" 200 77160
::1 - - [24/Mar/2019:00:43:43 +0700] "GET /assets/fonts/Cashewed-Apple.ttf HTTP/1.1" 200 97332
::1 - - [24/Mar/2019:00:43:44 +0700] "GET /favicon.ico HTTP/1.1" 404 209
::1 - - [24/Mar/2019:00:43:48 +0700] "GET /index.php?mapel=3 HTTP/1.1" 200 8398
::1 - - [24/Mar/2019:00:43:48 +0700] "GET /assets/images/html.png HTTP/1.1" 200 277406
::1 - - [24/Mar/2019:00:43:48 +0700] "GET /assets/images/mp4.png HTTP/1.1" 200 277406
::1 - - [24/Mar/2019:00:43:52 +0700] "GET /admin/materi/fotografi-admkantor-X.html HTTP/1.1" 200 14011
::1 - - [24/Mar/2019:00:43:52 +0700] "GET /admin/materi/css-js/bootstrap.min.css HTTP/1.1" 200 121211
::1 - - [24/Mar/2019:00:43:52 +0700] "GET /admin/materi/css-js/bootstrap.min.js HTTP/1.1" 200 37051
::1 - - [24/Mar/2019:00:43:52 +0700] "GET /admin/materi/css-js/jquery.min.js HTTP/1.1" 200 86929
::1 - - [24/Mar/2019:00:43:52 +0700] "GET /admin/materi/fotografi-admkantor-X/Slide6.jpg HTTP/1.1" 200 60433
::1 - - [24/Mar/2019:00:43:52 +0700] "GET /admin/materi/fotografi-admkantor-X/Slide4.jpg HTTP/1.1" 200 105520
::1 - - [24/Mar/2019:00:43:52 +0700] "GET /admin/materi/fotografi-admkantor-X/Slide1.jpg HTTP/1.1" 200 81529
::1 - - [24/Mar/2019:00:43:52 +0700] "GET /admin/materi/fotografi-admkantor-X/Slide3.jpg HTTP/1.1" 200 124484
::1 - - [24/Mar/2019:00:43:52 +0700] "GET /admin/materi/fotografi-admkantor-X/Slide5.jpg HTTP/1.1" 200 105520
::1 - - [24/Mar/2019:00:43:52 +0700] "GET /admin/materi/fotografi-admkantor-X/Slide2.jpg HTTP/1.1" 200 111520
::1 - - [24/Mar/2019:00:43:53 +0700] "GET /admin/materi/fotografi-admkantor-X/Slide9.jpg HTTP/1.1" 200 95664
::1 - - [24/Mar/2019:00:43:53 +0700] "GET /admin/materi/fotografi-admkantor-X/Slide11.jpg HTTP/1.1" 200 52761
::1 - - [24/Mar/2019:00:43:53 +0700] "GET /admin/materi/fotografi-admkantor-X/Slide12.jpg HTTP/1.1" 200 87541
::1 - - [24/Mar/2019:00:43:53 +0700] "GET /admin/materi/fotografi-admkantor-X/Slide10.jpg HTTP/1.1" 200 89580
::1 - - [24/Mar/2019:00:43:53 +0700] "GET /admin/materi/fotografi-admkantor-X/Slide13.jpg HTTP/1.1" 200 81648
::1 - - [24/Mar/2019:00:43:53 +0700] "GET /admin/materi/fotografi-admkantor-X/Slide8.jpg HTTP/1.1" 200 70486
::1 - - [24/Mar/2019:00:43:53 +0700] "GET /admin/materi/fotografi-admkantor-X/Slide7.jpg HTTP/1.1" 200 132209
::1 - - [24/Mar/2019:00:43:53 +0700] "GET /admin/materi/fotografi-admkantor-X/Slide16.jpg HTTP/1.1" 200 55883
::1 - - [24/Mar/2019:00:43:53 +0700] "GET /admin/materi/fotografi-admkantor-X/Slide15.jpg HTTP/1.1" 200 102522
::1 - - [24/Mar/2019:00:43:53 +0700] "GET /admin/materi/fotografi-admkantor-X/Slide14.jpg HTTP/1.1" 200 225520
::1 - - [24/Mar/2019:00:43:53 +0700] "GET /admin/materi/fotografi-admkantor-X/Slide17.jpg HTTP/1.1" 200 161397
::1 - - [24/Mar/2019:00:43:53 +0700] "GET /admin/materi/fotografi-admkantor-X/Slide18.jpg HTTP/1.1" 200 159988
::1 - - [24/Mar/2019:00:43:53 +0700] "GET /admin/materi/fotografi-admkantor-X/Slide22.jpg HTTP/1.1" 200 54113
::1 - - [24/Mar/2019:00:43:53 +0700] "GET /admin/materi/fotografi-admkantor-X/Slide19.jpg HTTP/1.1" 200 84598
::1 - - [24/Mar/2019:00:43:53 +0700] "GET /admin/materi/fotografi-admkantor-X/Slide21.jpg HTTP/1.1" 200 96515
::1 - - [24/Mar/2019:00:43:53 +0700] "GET /admin/materi/fotografi-admkantor-X/Slide23.jpg HTTP/1.1" 200 123726
::1 - - [24/Mar/2019:00:43:53 +0700] "GET /admin/materi/fotografi-admkantor-X/Slide27.jpg HTTP/1.1" 200 65785
::1 - - [24/Mar/2019:00:43:53 +0700] "GET /admin/materi/fotografi-admkantor-X/Slide20.jpg HTTP/1.1" 200 73838
::1 - - [24/Mar/2019:00:43:53 +0700] "GET /admin/materi/fotografi-admkantor-X/Slide28.jpg HTTP/1.1" 200 50620
::1 - - [24/Mar/2019:00:43:53 +0700] "GET /admin/materi/fotografi-admkantor-X/Slide24.jpg HTTP/1.1" 200 80517
::1 - - [24/Mar/2019:00:43:53 +0700] "GET /admin/materi/fotografi-admkantor-X/Slide29.jpg HTTP/1.1" 200 115351
::1 - - [24/Mar/2019:00:43:53 +0700] "GET /admin/materi/fonts/glyphicons-halflings-regular.woff2 HTTP/1.1" 404 251
::1 - - [24/Mar/2019:00:43:53 +0700] "GET /admin/materi/fotografi-admkantor-X/Slide30.jpg HTTP/1.1" 200 47353
::1 - - [24/Mar/2019:00:43:53 +0700] "GET /admin/materi/fotografi-admkantor-X/Slide31.jpg HTTP/1.1" 200 99050
::1 - - [24/Mar/2019:00:43:53 +0700] "GET /admin/materi/fotografi-admkantor-X/Slide25.jpg HTTP/1.1" 200 139917
::1 - - [24/Mar/2019:00:43:53 +0700] "GET /admin/materi/fotografi-admkantor-X/Slide32.jpg HTTP/1.1" 200 86511
::1 - - [24/Mar/2019:00:43:53 +0700] "GET /admin/materi/fotografi-admkantor-X/Slide26.jpg HTTP/1.1" 200 99248
::1 - - [24/Mar/2019:00:43:53 +0700] "GET /admin/materi/fotografi-admkantor-X/Slide34.jpg HTTP/1.1" 200 64892
::1 - - [24/Mar/2019:00:43:53 +0700] "GET /admin/materi/fotografi-admkantor-X/Slide33.jpg HTTP/1.1" 200 119690
::1 - - [24/Mar/2019:00:43:53 +0700] "GET /admin/materi/fotografi-admkantor-X/Slide36.jpg HTTP/1.1" 200 102548
::1 - - [24/Mar/2019:00:43:53 +0700] "GET /admin/materi/fotografi-admkantor-X/Slide37.jpg HTTP/1.1" 200 90926
::1 - - [24/Mar/2019:00:43:53 +0700] "GET /admin/materi/fotografi-admkantor-X/Slide38.jpg HTTP/1.1" 200 70258
::1 - - [24/Mar/2019:00:43:53 +0700] "GET /admin/materi/fotografi-admkantor-X/Slide35.jpg HTTP/1.1" 200 64452
::1 - - [24/Mar/2019:00:43:53 +0700] "GET /admin/materi/fotografi-admkantor-X/Slide40.jpg HTTP/1.1" 200 67600
::1 - - [24/Mar/2019:00:43:53 +0700] "GET /admin/materi/fotografi-admkantor-X/Slide39.jpg HTTP/1.1" 200 99020
::1 - - [24/Mar/2019:00:43:53 +0700] "GET /admin/materi/fotografi-admkantor-X/Slide41.jpg HTTP/1.1" 200 64196
::1 - - [24/Mar/2019:00:43:53 +0700] "GET /admin/materi/fotografi-admkantor-X/Slide44.jpg HTTP/1.1" 200 115322
::1 - - [24/Mar/2019:00:43:53 +0700] "GET /admin/materi/fotografi-admkantor-X/Slide42.jpg HTTP/1.1" 200 92357
::1 - - [24/Mar/2019:00:43:53 +0700] "GET /admin/materi/fotografi-admkantor-X/Slide43.jpg HTTP/1.1" 200 98074
::1 - - [24/Mar/2019:00:43:53 +0700] "GET /admin/materi/fotografi-admkantor-X/Slide47.jpg HTTP/1.1" 200 66340
::1 - - [24/Mar/2019:00:43:53 +0700] "GET /admin/materi/fotografi-admkantor-X/Slide45.jpg HTTP/1.1" 200 105003
::1 - - [24/Mar/2019:00:43:53 +0700] "GET /admin/materi/fotografi-admkantor-X/Slide46.jpg HTTP/1.1" 200 77095
::1 - - [24/Mar/2019:00:43:53 +0700] "GET /admin/materi/fotografi-admkantor-X/Slide50.jpg HTTP/1.1" 200 45813
::1 - - [24/Mar/2019:00:43:53 +0700] "GET /admin/materi/fotografi-admkantor-X/Slide48.jpg HTTP/1.1" 200 111422
::1 - - [24/Mar/2019:00:43:53 +0700] "GET /admin/materi/fotografi-admkantor-X/Slide53.jpg HTTP/1.1" 200 67100
::1 - - [24/Mar/2019:00:43:53 +0700] "GET /admin/materi/fotografi-admkantor-X/Slide52.jpg HTTP/1.1" 200 71591
::1 - - [24/Mar/2019:00:43:53 +0700] "GET /admin/materi/fotografi-admkantor-X/Slide51.jpg HTTP/1.1" 200 105044
::1 - - [24/Mar/2019:00:43:53 +0700] "GET /admin/materi/fotografi-admkantor-X/Slide55.jpg HTTP/1.1" 200 97002
::1 - - [24/Mar/2019:00:43:53 +0700] "GET /admin/materi/fotografi-admkantor-X/Slide54.jpg HTTP/1.1" 200 126414
::1 - - [24/Mar/2019:00:43:53 +0700] "GET /admin/materi/fotografi-admkantor-X/Slide49.jpg HTTP/1.1" 200 47943
::1 - - [24/Mar/2019:00:43:53 +0700] "GET /admin/materi/fonts/glyphicons-halflings-regular.woff HTTP/1.1" 200 23292
