181026 15:14:49 [Note] Plugin 'FEDERATED' is disabled.
181026 15:14:49 InnoDB: The InnoDB memory heap is disabled
181026 15:14:49 InnoDB: Mutexes and rw_locks use Windows interlocked functions
181026 15:14:49 InnoDB: Compressed tables use zlib 1.2.3
181026 15:14:49 InnoDB: Initializing buffer pool, size = 128.0M
181026 15:14:49 InnoDB: Completed initialization of buffer pool
InnoDB: The first specified data file E:\xampp\htdocs\dilco\USBWebserver\mysql\data\ibdata1 did not exist:
InnoDB: a new database to be created!
181026 15:14:49  InnoDB: Setting file E:\xampp\htdocs\dilco\USBWebserver\mysql\data\ibdata1 size to 10 MB
InnoDB: Database physically writes the file full: wait...
181026 15:14:50  InnoDB: Log file E:\xampp\htdocs\dilco\USBWebserver\mysql\data\ib_logfile0 did not exist: new to be created
InnoDB: Setting log file E:\xampp\htdocs\dilco\USBWebserver\mysql\data\ib_logfile0 size to 5 MB
InnoDB: Database physically writes the file full: wait...
181026 15:14:51  InnoDB: Log file E:\xampp\htdocs\dilco\USBWebserver\mysql\data\ib_logfile1 did not exist: new to be created
InnoDB: Setting log file E:\xampp\htdocs\dilco\USBWebserver\mysql\data\ib_logfile1 size to 5 MB
InnoDB: Database physically writes the file full: wait...
InnoDB: Doublewrite buffer not found: creating new
InnoDB: Doublewrite buffer created
InnoDB: 127 rollback segment(s) active.
InnoDB: Creating foreign key constraint system tables
InnoDB: Foreign key constraint system tables created
181026 15:14:54  InnoDB: Waiting for the background threads to start
181026 15:14:55 InnoDB: 1.1.8 started; log sequence number 0
190318 13:21:19 [Note] Plugin 'FEDERATED' is disabled.
190318 13:21:19 InnoDB: The InnoDB memory heap is disabled
190318 13:21:19 InnoDB: Mutexes and rw_locks use Windows interlocked functions
190318 13:21:19 InnoDB: Compressed tables use zlib 1.2.3
190318 13:21:19 InnoDB: Initializing buffer pool, size = 128.0M
190318 13:21:19 InnoDB: Completed initialization of buffer pool
190318 13:21:21 InnoDB: highest supported file format is Barracuda.
InnoDB: The log sequence number in ibdata files does not match
InnoDB: the log sequence number in the ib_logfiles!
190318 13:21:21  InnoDB: Database was not shut down normally!
InnoDB: Starting crash recovery.
InnoDB: Reading tablespace information from the .ibd files...
InnoDB: Restoring possible half-written data pages from the doublewrite
InnoDB: buffer...
190318 13:21:25  InnoDB: Waiting for the background threads to start
190318 13:21:26 InnoDB: 1.1.8 started; log sequence number 1715170
